#
# A fatal error has been detected by the Java Runtime Environment:
#
#  EXCEPTION_ACCESS_VIOLATION (0xc0000005) at pc=0x00007ffde22a68df, pid=16620, tid=19024
#
# JRE version: OpenJDK Runtime Environment (23.0.2+7) (build 23.0.2+7-58)
# Java VM: OpenJDK 64-Bit Server VM (23.0.2+7-58, mixed mode, sharing, tiered, compressed oops, compressed class ptrs, g1 gc, windows-amd64)
# Problematic frame:
# V  [jvm.dll+0x3368df]
#
# No core dump will be written. Minidumps are not enabled by default on client versions of Windows
#
# If you would like to submit a bug report, please visit:
#   https://bugreport.java.com/bugreport/crash.jsp
#

---------------  S U M M A R Y ------------

Command Line: -Dfile.encoding=UTF-8 -Duser.country=US -Duser.language=en -Duser.variant pkgDriver.Driver

Host: Intel(R) Core(TM) i7-9700K CPU @ 3.60GHz, 8 cores, 31G,  Windows 11 , 64 bit Build 26100 (10.0.26100.3037)
Time: Sun Mar  2 16:35:38 2025 Pacific Standard Time elapsed time: 4.508613 seconds (0d 0h 0m 4s)

---------------  T H R E A D  ---------------

Current thread (0x0000023f0d8b0be0):  WorkerThread "GC Thread#6"    [id=19024, stack(0x0000009595000000,0x0000009595100000) (1024K)]

Stack: [0x0000009595000000,0x0000009595100000],  sp=0x00000095950ff620,  free space=1021k
Native frames: (J=compiled Java code, j=interpreted, Vv=VM code, C=native code)
V  [jvm.dll+0x3368df]  (no source info available)
V  [jvm.dll+0x35e5ca]  (no source info available)
V  [jvm.dll+0x373cb9]  (no source info available)
V  [jvm.dll+0x3743da]  (no source info available)
V  [jvm.dll+0x3744c7]  (no source info available)
V  [jvm.dll+0x37556b]  (no source info available)
V  [jvm.dll+0x8ae927]  (no source info available)
V  [jvm.dll+0x8254cb]  (no source info available)
V  [jvm.dll+0x6df345]  (no source info available)
C  [ucrtbase.dll+0x37b0]  (no source info available)
C  [KERNEL32.DLL+0x2e8d7]  (no source info available)
C  [ntdll.dll+0xbbf2c]  (no source info available)


siginfo: EXCEPTION_ACCESS_VIOLATION (0xc0000005), reading address 0x0000000000000100


Registers:
RAX=0x0000000000000000, RBX=0x0000000000000007, RCX=0x0000000000000000, RDX=0x0000000000000000
RSP=0x00000095950ff620, RBP=0x0000023e9cab86b0, RSI=0x0000000000000003, RDI=0x0000023e9a6f9510
R8 =0x0000000000000001, R9 =0x0000000000000004, R10=0x0000000000000038, R11=0x0000000000000020
R12=0x0000000000000010, R13=0x0000000000000018, R14=0x0000000000000000, R15=0x00000095950ff6a0
RIP=0x00007ffde22a68df, EFLAGS=0x0000000000010202


Register to memory mapping:

RAX=0x0 is null
RBX=0x0000000000000007 is an unknown value
RCX=0x0 is null
RDX=0x0 is null
RSP=0x00000095950ff620 points into unknown readable memory: 0x00000095950ff650 | 50 f6 0f 95 95 00 00 00
RBP=0x0000023e9cab86b0 points into unknown readable memory: 0x0000000000000000 | 00 00 00 00 00 00 00 00
RSI=0x0000000000000003 is an unknown value
RDI=0x0000023e9a6f9510 points into unknown readable memory: 0x00007ffde296ad98 | 98 ad 96 e2 fd 7f 00 00
R8 =0x0000000000000001 is an unknown value
R9 =0x0000000000000004 is an unknown value
R10=0x0000000000000038 is an unknown value
R11=0x0000000000000020 is an unknown value
R12=0x0000000000000010 is an unknown value
R13=0x0000000000000018 is an unknown value
R14=0x0 is null
R15=0x00000095950ff6a0 points into unknown readable memory: 0x0000000605eddd3d | 3d dd ed 05 06 00 00 00

Top of Stack: (sp=0x00000095950ff620)
0x00000095950ff620:   00000095950ff650 00007ffde22cd4b9
0x00000095950ff630:   0000000000000004 0000000000000000
0x00000095950ff640:   0000000000000004 0000000000000000
0x00000095950ff650:   0000023f0dcc8310 0000000000000004
0x00000095950ff660:   0000023e9a6f9510 00007ffde22ce5ca
0x00000095950ff670:   0000023f0dcc8310 00000095950ff700
0x00000095950ff680:   00000095950ff770 0000000000000004
0x00000095950ff690:   0000000000000003 00007ffde22e3cb9
0x00000095950ff6a0:   0000000605eddd3d 0000000000000000
0x00000095950ff6b0:   00000095950ff700 00000095950ff770
0x00000095950ff6c0:   00000095937feff0 00007ffde26495df
0x00000095950ff6d0:   0000000000000000 0000000000000000
0x00000095950ff6e0:   0000023f0d000000 00007ffde22d9d8f
0x00000095950ff6f0:   0000023f0d2c5b40 00007ffde27a0077
0x00000095950ff700:   0000023f06029d30 0000023f0d2c5b40
0x00000095950ff710:   00000000000003d8 0000023f0602a118
0x00000095950ff720:   0000000000000003 00007ffde22e43da
0x00000095950ff730:   0000023f0dcc8310 0000000000000014
0x00000095950ff740:   00000095937feff0 0000023e9caa2cf0
0x00000095950ff750:   0000001200000010 0000000000000003
0x00000095950ff760:   0000000002a73b06 00000003b9ec5fc4
0x00000095950ff770:   00007ffde2976018 4012002f80204bd0
0x00000095950ff780:   3f538730e1486000 0000000000000617
0x00000095950ff790:   0000023e9caaf210 0000023f0dcc8310
0x00000095950ff7a0:   0000023e9a6f9510 00000095937ff020
0x00000095950ff7b0:   0000000000000014 0000000000000000
0x00000095950ff7c0:   0000000000000000 0000000000000000
0x00000095950ff7d0:   0000023f06029d40 00007ffde22e44c7
0x00000095950ff7e0:   0000023f0dcc8310 0000000000000003
0x00000095950ff7f0:   0000023f0f28d920 00000095937feff0
0x00000095950ff800:   0000023e00000016 0000009500000014
0x00000095950ff810:   00000095937feff0 00007ffde22e556b 

Instructions: (pc=0x00007ffde22a68df)
0x00007ffde22a67df:   a7 41 00 00 69 ca ff ff ff 7f 2b c1 85 c0 8d 88
0x00007ffde22a67ef:   ff ff ff 7f 0f 4e c1 33 d2 89 85 04 02 00 00 f7
0x00007ffde22a67ff:   77 08 44 8b ca 3b d6 74 b8 8b de 66 0f 1f 44 00
0x00007ffde22a680f:   00 3b de 74 05 41 3b d9 75 45 44 8b 85 04 02 00
0x00007ffde22a681f:   00 b8 5f 0b 4e 83 41 f7 e8 41 03 d0 c1 fa 10 8b
0x00007ffde22a682f:   c2 c1 e8 1f 03 d0 41 69 c0 a7 41 00 00 69 ca ff
0x00007ffde22a683f:   ff ff 7f 2b c1 85 c0 8d 88 ff ff ff 7f 0f 4e c1
0x00007ffde22a684f:   33 d2 89 85 04 02 00 00 f7 77 08 8b da eb b2 41
0x00007ffde22a685f:   8b c1 4c 8d 1c c5 00 00 00 00 48 8b 47 10 49 8b
0x00007ffde22a686f:   0c 03 8b 81 00 01 00 00 44 8b 81 80 00 00 00 44
0x00007ffde22a687f:   2b c0 b8 00 00 00 00 41 81 e0 ff ff 01 00 41 81
0x00007ffde22a688f:   f8 ff ff 01 00 44 0f 44 c0 8b c3 4c 8d 14 c5 00
0x00007ffde22a689f:   00 00 00 48 8b 47 10 49 8b 0c 02 8b 81 00 01 00
0x00007ffde22a68af:   00 8b 91 80 00 00 00 33 c9 2b d0 8b c1 81 e2 ff
0x00007ffde22a68bf:   ff 01 00 81 fa ff ff 01 00 0f 44 d1 41 3b d0 76
0x00007ffde22a68cf:   0a 48 8b 47 10 49 8b 0c 02 eb 10 45 85 c0 74 18
0x00007ffde22a68df:   48 8b 47 10 41 8b d9 49 8b 0c 03 49 8b d7 e8 6e
0x00007ffde22a68ef:   e4 ff ff 83 f8 02 74 05 bb ff ff ff ff 89 9d 00
0x00007ffde22a68ff:   02 00 00 eb 14 75 17 8d 46 ff 49 8b d7 83 e0 01
0x00007ffde22a690f:   48 8b 0c c1 e8 48 e4 ff ff 83 f8 02 74 2b 41 ff
0x00007ffde22a691f:   c6 45 3b f4 0f 82 77 fe ff ff 32 c0 48 8b 5c 24
0x00007ffde22a692f:   50 48 8b 6c 24 58 48 8b 74 24 60 48 83 c4 20 41
0x00007ffde22a693f:   5f 41 5e 41 5d 41 5c 5f c3 b0 01 eb df cc cc cc
0x00007ffde22a694f:   cc 48 8b 89 98 06 00 00 e9 f4 81 57 00 cc cc cc
0x00007ffde22a695f:   cc 48 89 54 24 10 4c 89 44 24 18 4c 89 4c 24 20
0x00007ffde22a696f:   53 48 83 ec 20 48 8b d9 4c 8d 4c 24 40 4c 8b c2
0x00007ffde22a697f:   48 8d 0d ca 3a 90 00 ba 01 00 00 00 e8 80 bd 2b
0x00007ffde22a698f:   00 48 8b c3 48 83 c4 20 5b c3 cc cc cc cc cc cc
0x00007ffde22a699f:   cc 48 89 5c 24 08 57 48 83 ec 20 48 8b 79 10 48
0x00007ffde22a69af:   8b 59 08 48 3b fb 75 29 48 8b 05 4a 5f 90 00 48
0x00007ffde22a69bf:   85 c0 74 10 48 8b 51 10 48 8d 0d d2 5d 6c 00 e8
0x00007ffde22a69cf:   1d 83 f4 ff 32 c0 48 8b 5c 24 30 48 83 c4 20 5f 


Stack slot to memory mapping:

stack at sp + 0 slots: 0x00000095950ff650 points into unknown readable memory: 0x0000023f0dcc8310 | 10 83 cc 0d 3f 02 00 00
stack at sp + 1 slots: 0x00007ffde22cd4b9 jvm.dll
stack at sp + 2 slots: 0x0000000000000004 is an unknown value
stack at sp + 3 slots: 0x0 is null
stack at sp + 4 slots: 0x0000000000000004 is an unknown value
stack at sp + 5 slots: 0x0 is null
stack at sp + 6 slots: 0x0000023f0dcc8310 points into unknown readable memory: 0x00007ffde2973618 | 18 36 97 e2 fd 7f 00 00
stack at sp + 7 slots: 0x0000000000000004 is an unknown value


---------------  P R O C E S S  ---------------

Threads class SMR info:
_java_thread_list=0x0000023f0d3465b0, length=11, elements={
0x0000023e9a6f1240, 0x0000023f0600d8d0, 0x0000023f06010540, 0x0000023f060148c0,
0x0000023f06017830, 0x0000023f06015840, 0x0000023f06016e10, 0x0000023f06024070,
0x0000023f060276a0, 0x0000023f06178180, 0x0000023f0617c020
}

Java Threads: ( => current thread )
  0x0000023e9a6f1240 JavaThread "main"                              [_thread_blocked, id=6052, stack(0x0000009593000000,0x0000009593100000) (1024K)]
  0x0000023f0600d8d0 JavaThread "Reference Handler"          daemon [_thread_blocked, id=5028, stack(0x0000009593800000,0x0000009593900000) (1024K)]
  0x0000023f06010540 JavaThread "Finalizer"                  daemon [_thread_blocked, id=14684, stack(0x0000009593900000,0x0000009593a00000) (1024K)]
  0x0000023f060148c0 JavaThread "Signal Dispatcher"          daemon [_thread_blocked, id=7056, stack(0x0000009593a00000,0x0000009593b00000) (1024K)]
  0x0000023f06017830 JavaThread "Attach Listener"            daemon [_thread_blocked, id=20876, stack(0x0000009593b00000,0x0000009593c00000) (1024K)]
  0x0000023f06015840 JavaThread "Service Thread"             daemon [_thread_blocked, id=7464, stack(0x0000009593c00000,0x0000009593d00000) (1024K)]
  0x0000023f06016e10 JavaThread "Monitor Deflation Thread"   daemon [_thread_blocked, id=1152, stack(0x0000009593d00000,0x0000009593e00000) (1024K)]
  0x0000023f06024070 JavaThread "C2 CompilerThread0"         daemon [_thread_blocked, id=2476, stack(0x0000009593e00000,0x0000009593f00000) (1024K)]
  0x0000023f060276a0 JavaThread "C1 CompilerThread0"         daemon [_thread_blocked, id=11968, stack(0x0000009593f00000,0x0000009594000000) (1024K)]
  0x0000023f06178180 JavaThread "Notification Thread"        daemon [_thread_blocked, id=9352, stack(0x0000009594000000,0x0000009594100000) (1024K)]
  0x0000023f0617c020 JavaThread "Common-Cleaner"             daemon [_thread_blocked, id=2724, stack(0x0000009594100000,0x0000009594200000) (1024K)]
Total: 11

Other Threads:
  0x0000023ec06a47d0 VMThread "VM Thread"                           [id=7656, stack(0x0000009593700000,0x0000009593800000) (1024K)]
  0x0000023ec068ecb0 WatcherThread "VM Periodic Task Thread"        [id=13964, stack(0x0000009593600000,0x0000009593700000) (1024K)]
  0x0000023e9cb470c0 WorkerThread "GC Thread#0"                     [id=9068, stack(0x0000009593100000,0x0000009593200000) (1024K)]
  0x0000023f0d4da050 WorkerThread "GC Thread#1"                     [id=19436, stack(0x0000009594b00000,0x0000009594c00000) (1024K)]
  0x0000023f0d4da400 WorkerThread "GC Thread#2"                     [id=9932, stack(0x0000009594c00000,0x0000009594d00000) (1024K)]
  0x0000023f0d4da7b0 WorkerThread "GC Thread#3"                     [id=16476, stack(0x0000009594d00000,0x0000009594e00000) (1024K)]
  0x0000023f066da7e0 WorkerThread "GC Thread#4"                     [id=10892, stack(0x0000009594e00000,0x0000009594f00000) (1024K)]
  0x0000023f0d8b0030 WorkerThread "GC Thread#5"                     [id=10712, stack(0x0000009594f00000,0x0000009595000000) (1024K)]
=>0x0000023f0d8b0be0 WorkerThread "GC Thread#6"                     [id=19024, stack(0x0000009595000000,0x0000009595100000) (1024K)]
  0x0000023f0d460ec0 WorkerThread "GC Thread#7"                     [id=19044, stack(0x0000009595100000,0x0000009595200000) (1024K)]
  0x0000023e9cb5c030 ConcurrentGCThread "G1 Main Marker"            [id=6048, stack(0x0000009593200000,0x0000009593300000) (1024K)]
  0x0000023e9cb5cb40 WorkerThread "G1 Conc#0"                       [id=200, stack(0x0000009593300000,0x0000009593400000) (1024K)]
  0x0000023ec05506f0 ConcurrentGCThread "G1 Refine#0"               [id=11108, stack(0x0000009593400000,0x0000009593500000) (1024K)]
  0x0000023ec0552030 ConcurrentGCThread "G1 Service"                [id=18624, stack(0x0000009593500000,0x0000009593600000) (1024K)]
Total: 14

Threads with active compile tasks:
Total: 0

VM state: at safepoint (normal execution)

VM Mutex/Monitor currently owned by a thread:  ([mutex/lock_event])
[0x00007ffde2be4888] Threads_lock - owner thread: 0x0000023ec06a47d0
[0x00007ffde2be4988] Heap_lock - owner thread: 0x0000023e9a6f1240

Heap address: 0x0000000601400000, size: 8172 MB, Compressed Oops mode: Zero based, Oop shift amount: 3

CDS archive(s) mapped at: [0x0000023ec1000000-0x0000023ec1d70000-0x0000023ec1d70000), size 14090240, SharedBaseAddress: 0x0000023ec1000000, ArchiveRelocationMode: 1.
Compressed class space mapped at: 0x0000023ec2000000-0x0000023f02000000, reserved size: 1073741824
Narrow klass base: 0x0000023ec1000000, Narrow klass shift: 0, Narrow klass range: 0x41000000

GC Precious Log:
 CardTable entry size: 512
 Card Set container configuration: InlinePtr #cards 4 size 8 Array Of Cards #cards 32 size 80 Howl #buckets 8 coarsen threshold 7372 Howl Bitmap #cards 1024 size 144 coarsen threshold 921 Card regions per heap region 1 cards per card region 8192
 CPUs: 8 total, 8 available
 Memory: 32681M
 Large Page Support: Disabled
 NUMA Support: Disabled
 Compressed Oops: Enabled (Zero based)
 Heap Region Size: 4M
 Heap Min Capacity: 8M
 Heap Initial Capacity: 512M
 Heap Max Capacity: 8172M
 Pre-touch: Disabled
 Parallel Workers: 8
 Concurrent Workers: 2
 Concurrent Refinement Workers: 8
 Periodic GC: Disabled

Heap:
 garbage-first heap   total reserved 8368128K, committed 524288K, used 107267K [0x0000000601400000, 0x0000000800000000)
  region size 4096K, 12 young (49152K), 2 survivors (8192K)
 Metaspace       used 6106K, committed 6336K, reserved 1114112K
  class space    used 307K, committed 448K, reserved 1048576K

Heap Regions: E=young(eden), S=young(survivor), O=old, HS=humongous(starts), HC=humongous(continues), CS=collection set, F=free, TAMS=top-at-mark-start, PB=parsable bottom
|   0|0x0000000601400000, 0x0000000601800000, 0x0000000601800000|100%| O|  |TAMS 0x0000000601400000| PB 0x0000000601400000| Untracked |  0
|   1|0x0000000601800000, 0x0000000601c00000, 0x0000000601c00000|100%| O|  |TAMS 0x0000000601800000| PB 0x0000000601800000| Untracked |  0
|   2|0x0000000601c00000, 0x0000000602000000, 0x0000000602000000|100%| O|  |TAMS 0x0000000601c00000| PB 0x0000000601c00000| Untracked |  0
|   3|0x0000000602000000, 0x0000000602400000, 0x0000000602400000|100%| O|  |TAMS 0x0000000602000000| PB 0x0000000602000000| Untracked |  0
|   4|0x0000000602400000, 0x0000000602800000, 0x0000000602800000|100%| O|  |TAMS 0x0000000602400000| PB 0x0000000602400000| Untracked |  0
|   5|0x0000000602800000, 0x0000000602c00000, 0x0000000602c00000|100%| O|  |TAMS 0x0000000602800000| PB 0x0000000602800000| Untracked |  0
|   6|0x0000000602c00000, 0x0000000603000000, 0x0000000603000000|100%| O|  |TAMS 0x0000000602c00000| PB 0x0000000602c00000| Untracked |  0
|   7|0x0000000603000000, 0x0000000603400000, 0x0000000603400000|100%| O|  |TAMS 0x0000000603000000| PB 0x0000000603000000| Untracked |  0
|   8|0x0000000603400000, 0x0000000603800000, 0x0000000603800000|100%| O|  |TAMS 0x0000000603400000| PB 0x0000000603400000| Untracked |  0
|   9|0x0000000603800000, 0x0000000603c00000, 0x0000000603c00000|100%| O|  |TAMS 0x0000000603800000| PB 0x0000000603800000| Untracked |  0
|  10|0x0000000603c00000, 0x0000000604000000, 0x0000000604000000|100%| O|  |TAMS 0x0000000603c00000| PB 0x0000000603c00000| Untracked |  0
|  11|0x0000000604000000, 0x0000000604400000, 0x0000000604400000|100%| O|  |TAMS 0x0000000604000000| PB 0x0000000604000000| Untracked |  0
|  12|0x0000000604400000, 0x0000000604800000, 0x0000000604800000|100%| O|  |TAMS 0x0000000604400000| PB 0x0000000604400000| Untracked |  0
|  13|0x0000000604800000, 0x0000000604c00000, 0x0000000604c00000|100%| O|  |TAMS 0x0000000604800000| PB 0x0000000604800000| Untracked |  0
|  14|0x0000000604c00000, 0x0000000605000000, 0x0000000605000000|100%| O|  |TAMS 0x0000000604c00000| PB 0x0000000604c00000| Untracked |  0
|  15|0x0000000605000000, 0x0000000605400000, 0x0000000605400000|100%| O|  |TAMS 0x0000000605000000| PB 0x0000000605000000| Untracked |  0
|  16|0x0000000605400000, 0x0000000605800000, 0x0000000605800000|100%| O|  |TAMS 0x0000000605400000| PB 0x0000000605400000| Untracked |  0
|  17|0x0000000605800000, 0x0000000605c00000, 0x0000000605c00000|100%| O|  |TAMS 0x0000000605800000| PB 0x0000000605800000| Untracked |  0
|  18|0x0000000605c00000, 0x0000000606000000, 0x0000000606000000|100%| O|  |TAMS 0x0000000605c00000| PB 0x0000000605c00000| Untracked |  0
|  19|0x0000000606000000, 0x00000006062c9040, 0x0000000606400000| 69%| O|  |TAMS 0x0000000606000000| PB 0x0000000606000000| Untracked |  0
|  20|0x0000000606400000, 0x0000000606400000, 0x0000000606800000|  0%| F|  |TAMS 0x0000000606400000| PB 0x0000000606400000| Untracked |  0
|  21|0x0000000606800000, 0x0000000606800000, 0x0000000606c00000|  0%| F|  |TAMS 0x0000000606800000| PB 0x0000000606800000| Untracked |  0
|  22|0x0000000606c00000, 0x0000000606c00000, 0x0000000607000000|  0%| F|  |TAMS 0x0000000606c00000| PB 0x0000000606c00000| Untracked |  0
|  23|0x0000000607000000, 0x0000000607000000, 0x0000000607400000|  0%| F|  |TAMS 0x0000000607000000| PB 0x0000000607000000| Untracked |  0
|  24|0x0000000607400000, 0x0000000607400000, 0x0000000607800000|  0%| F|  |TAMS 0x0000000607400000| PB 0x0000000607400000| Untracked |  0
|  25|0x0000000607800000, 0x0000000607800000, 0x0000000607c00000|  0%| F|  |TAMS 0x0000000607800000| PB 0x0000000607800000| Untracked |  0
|  26|0x0000000607c00000, 0x0000000607c00000, 0x0000000608000000|  0%| F|  |TAMS 0x0000000607c00000| PB 0x0000000607c00000| Untracked |  0
|  27|0x0000000608000000, 0x0000000608000000, 0x0000000608400000|  0%| F|  |TAMS 0x0000000608000000| PB 0x0000000608000000| Untracked |  0
|  28|0x0000000608400000, 0x0000000608400000, 0x0000000608800000|  0%| F|  |TAMS 0x0000000608400000| PB 0x0000000608400000| Untracked |  0
|  29|0x0000000608800000, 0x0000000608800000, 0x0000000608c00000|  0%| F|  |TAMS 0x0000000608800000| PB 0x0000000608800000| Untracked |  0
|  30|0x0000000608c00000, 0x0000000608c00000, 0x0000000609000000|  0%| F|  |TAMS 0x0000000608c00000| PB 0x0000000608c00000| Untracked |  0
|  31|0x0000000609000000, 0x0000000609000000, 0x0000000609400000|  0%| F|  |TAMS 0x0000000609000000| PB 0x0000000609000000| Untracked |  0
|  32|0x0000000609400000, 0x0000000609400000, 0x0000000609800000|  0%| F|  |TAMS 0x0000000609400000| PB 0x0000000609400000| Untracked |  0
|  33|0x0000000609800000, 0x0000000609800000, 0x0000000609c00000|  0%| F|  |TAMS 0x0000000609800000| PB 0x0000000609800000| Untracked |  0
|  34|0x0000000609c00000, 0x0000000609c00000, 0x000000060a000000|  0%| F|  |TAMS 0x0000000609c00000| PB 0x0000000609c00000| Untracked |  0
|  35|0x000000060a000000, 0x000000060a000000, 0x000000060a400000|  0%| F|  |TAMS 0x000000060a000000| PB 0x000000060a000000| Untracked |  0
|  36|0x000000060a400000, 0x000000060a400000, 0x000000060a800000|  0%| F|  |TAMS 0x000000060a400000| PB 0x000000060a400000| Untracked |  0
|  37|0x000000060a800000, 0x000000060a800000, 0x000000060ac00000|  0%| F|  |TAMS 0x000000060a800000| PB 0x000000060a800000| Untracked |  0
|  38|0x000000060ac00000, 0x000000060ac00000, 0x000000060b000000|  0%| F|  |TAMS 0x000000060ac00000| PB 0x000000060ac00000| Untracked |  0
|  39|0x000000060b000000, 0x000000060b000000, 0x000000060b400000|  0%| F|  |TAMS 0x000000060b000000| PB 0x000000060b000000| Untracked |  0
|  40|0x000000060b400000, 0x000000060b400000, 0x000000060b800000|  0%| F|  |TAMS 0x000000060b400000| PB 0x000000060b400000| Untracked |  0
|  41|0x000000060b800000, 0x000000060b800000, 0x000000060bc00000|  0%| F|  |TAMS 0x000000060b800000| PB 0x000000060b800000| Untracked |  0
|  42|0x000000060bc00000, 0x000000060bc00000, 0x000000060c000000|  0%| F|  |TAMS 0x000000060bc00000| PB 0x000000060bc00000| Untracked |  0
|  43|0x000000060c000000, 0x000000060c000000, 0x000000060c400000|  0%| F|  |TAMS 0x000000060c000000| PB 0x000000060c000000| Untracked |  0
|  44|0x000000060c400000, 0x000000060c400000, 0x000000060c800000|  0%| F|  |TAMS 0x000000060c400000| PB 0x000000060c400000| Untracked |  0
|  45|0x000000060c800000, 0x000000060c800000, 0x000000060cc00000|  0%| F|  |TAMS 0x000000060c800000| PB 0x000000060c800000| Untracked |  0
|  46|0x000000060cc00000, 0x000000060cc00000, 0x000000060d000000|  0%| F|  |TAMS 0x000000060cc00000| PB 0x000000060cc00000| Untracked |  0
|  47|0x000000060d000000, 0x000000060d000000, 0x000000060d400000|  0%| F|  |TAMS 0x000000060d000000| PB 0x000000060d000000| Untracked |  0
|  48|0x000000060d400000, 0x000000060d400000, 0x000000060d800000|  0%| F|  |TAMS 0x000000060d400000| PB 0x000000060d400000| Untracked |  0
|  49|0x000000060d800000, 0x000000060d800000, 0x000000060dc00000|  0%| F|  |TAMS 0x000000060d800000| PB 0x000000060d800000| Untracked |  0
|  50|0x000000060dc00000, 0x000000060dc00000, 0x000000060e000000|  0%| F|  |TAMS 0x000000060dc00000| PB 0x000000060dc00000| Untracked |  0
|  51|0x000000060e000000, 0x000000060e000000, 0x000000060e400000|  0%| F|  |TAMS 0x000000060e000000| PB 0x000000060e000000| Untracked |  0
|  52|0x000000060e400000, 0x000000060e400000, 0x000000060e800000|  0%| F|  |TAMS 0x000000060e400000| PB 0x000000060e400000| Untracked |  0
|  53|0x000000060e800000, 0x000000060e800000, 0x000000060ec00000|  0%| F|  |TAMS 0x000000060e800000| PB 0x000000060e800000| Untracked |  0
|  54|0x000000060ec00000, 0x000000060ec00000, 0x000000060f000000|  0%| F|  |TAMS 0x000000060ec00000| PB 0x000000060ec00000| Untracked |  0
|  55|0x000000060f000000, 0x000000060f000000, 0x000000060f400000|  0%| F|  |TAMS 0x000000060f000000| PB 0x000000060f000000| Untracked |  0
|  56|0x000000060f400000, 0x000000060f400000, 0x000000060f800000|  0%| F|  |TAMS 0x000000060f400000| PB 0x000000060f400000| Untracked |  0
|  57|0x000000060f800000, 0x000000060f800000, 0x000000060fc00000|  0%| F|  |TAMS 0x000000060f800000| PB 0x000000060f800000| Untracked |  0
|  58|0x000000060fc00000, 0x000000060fc00000, 0x0000000610000000|  0%| F|  |TAMS 0x000000060fc00000| PB 0x000000060fc00000| Untracked |  0
|  59|0x0000000610000000, 0x0000000610000000, 0x0000000610400000|  0%| F|  |TAMS 0x0000000610000000| PB 0x0000000610000000| Untracked |  0
|  60|0x0000000610400000, 0x0000000610400000, 0x0000000610800000|  0%| F|  |TAMS 0x0000000610400000| PB 0x0000000610400000| Untracked |  0
|  61|0x0000000610800000, 0x0000000610800000, 0x0000000610c00000|  0%| F|  |TAMS 0x0000000610800000| PB 0x0000000610800000| Untracked |  0
|  62|0x0000000610c00000, 0x0000000610c00000, 0x0000000611000000|  0%| F|  |TAMS 0x0000000610c00000| PB 0x0000000610c00000| Untracked |  0
|  63|0x0000000611000000, 0x0000000611000000, 0x0000000611400000|  0%| F|  |TAMS 0x0000000611000000| PB 0x0000000611000000| Untracked |  0
|  64|0x0000000611400000, 0x0000000611400000, 0x0000000611800000|  0%| F|  |TAMS 0x0000000611400000| PB 0x0000000611400000| Untracked |  0
|  65|0x0000000611800000, 0x0000000611800000, 0x0000000611c00000|  0%| F|  |TAMS 0x0000000611800000| PB 0x0000000611800000| Untracked |  0
|  66|0x0000000611c00000, 0x0000000611c00000, 0x0000000612000000|  0%| F|  |TAMS 0x0000000611c00000| PB 0x0000000611c00000| Untracked |  0
|  67|0x0000000612000000, 0x0000000612000000, 0x0000000612400000|  0%| F|  |TAMS 0x0000000612000000| PB 0x0000000612000000| Untracked |  0
|  68|0x0000000612400000, 0x0000000612400000, 0x0000000612800000|  0%| F|  |TAMS 0x0000000612400000| PB 0x0000000612400000| Untracked |  0
|  69|0x0000000612800000, 0x0000000612800000, 0x0000000612c00000|  0%| F|  |TAMS 0x0000000612800000| PB 0x0000000612800000| Untracked |  0
|  70|0x0000000612c00000, 0x0000000612c00000, 0x0000000613000000|  0%| F|  |TAMS 0x0000000612c00000| PB 0x0000000612c00000| Untracked |  0
|  71|0x0000000613000000, 0x0000000613000000, 0x0000000613400000|  0%| F|  |TAMS 0x0000000613000000| PB 0x0000000613000000| Untracked |  0
|  72|0x0000000613400000, 0x0000000613400000, 0x0000000613800000|  0%| F|  |TAMS 0x0000000613400000| PB 0x0000000613400000| Untracked |  0
|  73|0x0000000613800000, 0x0000000613800000, 0x0000000613c00000|  0%| F|  |TAMS 0x0000000613800000| PB 0x0000000613800000| Untracked |  0
|  74|0x0000000613c00000, 0x0000000613c00000, 0x0000000614000000|  0%| F|  |TAMS 0x0000000613c00000| PB 0x0000000613c00000| Untracked |  0
|  75|0x0000000614000000, 0x0000000614000000, 0x0000000614400000|  0%| F|  |TAMS 0x0000000614000000| PB 0x0000000614000000| Untracked |  0
|  76|0x0000000614400000, 0x0000000614400000, 0x0000000614800000|  0%| F|  |TAMS 0x0000000614400000| PB 0x0000000614400000| Untracked |  0
|  77|0x0000000614800000, 0x0000000614800000, 0x0000000614c00000|  0%| F|  |TAMS 0x0000000614800000| PB 0x0000000614800000| Untracked |  0
|  78|0x0000000614c00000, 0x0000000614c00000, 0x0000000615000000|  0%| F|  |TAMS 0x0000000614c00000| PB 0x0000000614c00000| Untracked |  0
|  79|0x0000000615000000, 0x0000000615000000, 0x0000000615400000|  0%| F|  |TAMS 0x0000000615000000| PB 0x0000000615000000| Untracked |  0
|  80|0x0000000615400000, 0x0000000615400000, 0x0000000615800000|  0%| F|  |TAMS 0x0000000615400000| PB 0x0000000615400000| Untracked |  0
|  81|0x0000000615800000, 0x0000000615800000, 0x0000000615c00000|  0%| F|  |TAMS 0x0000000615800000| PB 0x0000000615800000| Untracked |  0
|  82|0x0000000615c00000, 0x0000000615c00000, 0x0000000616000000|  0%| F|  |TAMS 0x0000000615c00000| PB 0x0000000615c00000| Untracked |  0
|  83|0x0000000616000000, 0x0000000616000000, 0x0000000616400000|  0%| F|  |TAMS 0x0000000616000000| PB 0x0000000616000000| Untracked |  0
|  84|0x0000000616400000, 0x0000000616400000, 0x0000000616800000|  0%| F|  |TAMS 0x0000000616400000| PB 0x0000000616400000| Untracked |  0
|  85|0x0000000616800000, 0x0000000616800000, 0x0000000616c00000|  0%| F|  |TAMS 0x0000000616800000| PB 0x0000000616800000| Untracked |  0
|  86|0x0000000616c00000, 0x0000000616c00000, 0x0000000617000000|  0%| F|  |TAMS 0x0000000616c00000| PB 0x0000000616c00000| Untracked |  0
|  87|0x0000000617000000, 0x0000000617000000, 0x0000000617400000|  0%| F|  |TAMS 0x0000000617000000| PB 0x0000000617000000| Untracked |  0
|  88|0x0000000617400000, 0x0000000617400000, 0x0000000617800000|  0%| F|  |TAMS 0x0000000617400000| PB 0x0000000617400000| Untracked |  0
|  89|0x0000000617800000, 0x0000000617800000, 0x0000000617c00000|  0%| F|  |TAMS 0x0000000617800000| PB 0x0000000617800000| Untracked |  0
|  90|0x0000000617c00000, 0x0000000617c00000, 0x0000000618000000|  0%| F|  |TAMS 0x0000000617c00000| PB 0x0000000617c00000| Untracked |  0
|  91|0x0000000618000000, 0x0000000618000000, 0x0000000618400000|  0%| F|  |TAMS 0x0000000618000000| PB 0x0000000618000000| Untracked |  0
|  92|0x0000000618400000, 0x0000000618400000, 0x0000000618800000|  0%| F|  |TAMS 0x0000000618400000| PB 0x0000000618400000| Untracked |  0
|  93|0x0000000618800000, 0x0000000618800000, 0x0000000618c00000|  0%| F|  |TAMS 0x0000000618800000| PB 0x0000000618800000| Untracked |  0
|  94|0x0000000618c00000, 0x0000000618c00000, 0x0000000619000000|  0%| F|  |TAMS 0x0000000618c00000| PB 0x0000000618c00000| Untracked |  0
|  95|0x0000000619000000, 0x0000000619000000, 0x0000000619400000|  0%| F|  |TAMS 0x0000000619000000| PB 0x0000000619000000| Untracked |  0
|  96|0x0000000619400000, 0x0000000619400000, 0x0000000619800000|  0%| F|  |TAMS 0x0000000619400000| PB 0x0000000619400000| Untracked |  0
|  97|0x0000000619800000, 0x0000000619800000, 0x0000000619c00000|  0%| F|  |TAMS 0x0000000619800000| PB 0x0000000619800000| Untracked |  0
|  98|0x0000000619c00000, 0x0000000619c00000, 0x000000061a000000|  0%| F|  |TAMS 0x0000000619c00000| PB 0x0000000619c00000| Untracked |  0
|  99|0x000000061a000000, 0x000000061a000000, 0x000000061a400000|  0%| F|  |TAMS 0x000000061a000000| PB 0x000000061a000000| Untracked |  0
| 100|0x000000061a400000, 0x000000061a400000, 0x000000061a800000|  0%| F|  |TAMS 0x000000061a400000| PB 0x000000061a400000| Untracked |  0
| 101|0x000000061a800000, 0x000000061a800000, 0x000000061ac00000|  0%| F|  |TAMS 0x000000061a800000| PB 0x000000061a800000| Untracked |  0
| 102|0x000000061ac00000, 0x000000061ac00000, 0x000000061b000000|  0%| F|  |TAMS 0x000000061ac00000| PB 0x000000061ac00000| Untracked |  0
| 103|0x000000061b000000, 0x000000061b000000, 0x000000061b400000|  0%| F|  |TAMS 0x000000061b000000| PB 0x000000061b000000| Untracked |  0
| 104|0x000000061b400000, 0x000000061b400000, 0x000000061b800000|  0%| F|  |TAMS 0x000000061b400000| PB 0x000000061b400000| Untracked |  0
| 105|0x000000061b800000, 0x000000061b800000, 0x000000061bc00000|  0%| F|  |TAMS 0x000000061b800000| PB 0x000000061b800000| Untracked |  0
| 106|0x000000061bc00000, 0x000000061bc00000, 0x000000061c000000|  0%| F|  |TAMS 0x000000061bc00000| PB 0x000000061bc00000| Untracked |  0
| 107|0x000000061c000000, 0x000000061c000000, 0x000000061c400000|  0%| F|  |TAMS 0x000000061c000000| PB 0x000000061c000000| Untracked |  0
| 108|0x000000061c400000, 0x000000061c400000, 0x000000061c800000|  0%| F|  |TAMS 0x000000061c400000| PB 0x000000061c400000| Untracked |  0
| 109|0x000000061c800000, 0x000000061c800000, 0x000000061cc00000|  0%| F|  |TAMS 0x000000061c800000| PB 0x000000061c800000| Untracked |  0
| 110|0x000000061cc00000, 0x000000061cc00000, 0x000000061d000000|  0%| F|  |TAMS 0x000000061cc00000| PB 0x000000061cc00000| Untracked |  0
| 111|0x000000061d000000, 0x000000061d000000, 0x000000061d400000|  0%| F|  |TAMS 0x000000061d000000| PB 0x000000061d000000| Untracked |  0
| 112|0x000000061d400000, 0x000000061d400000, 0x000000061d800000|  0%| F|  |TAMS 0x000000061d400000| PB 0x000000061d400000| Untracked |  0
| 113|0x000000061d800000, 0x000000061d800000, 0x000000061dc00000|  0%| F|  |TAMS 0x000000061d800000| PB 0x000000061d800000| Untracked |  0
| 114|0x000000061dc00000, 0x000000061e000000, 0x000000061e000000|100%| S|  |TAMS 0x000000061dc00000| PB 0x000000061dc00000| Complete |  0
| 115|0x000000061e000000, 0x000000061e400000, 0x000000061e400000|100%| E|CS|TAMS 0x000000061e000000| PB 0x000000061e000000| Complete |  0
| 116|0x000000061e400000, 0x000000061e800000, 0x000000061e800000|100%| E|CS|TAMS 0x000000061e400000| PB 0x000000061e400000| Complete |  0
| 117|0x000000061e800000, 0x000000061ec00000, 0x000000061ec00000|100%| S|  |TAMS 0x000000061e800000| PB 0x000000061e800000| Complete |  0
| 118|0x000000061ec00000, 0x000000061f000000, 0x000000061f000000|100%| E|CS|TAMS 0x000000061ec00000| PB 0x000000061ec00000| Complete |  0
| 119|0x000000061f000000, 0x000000061f400000, 0x000000061f400000|100%| E|CS|TAMS 0x000000061f000000| PB 0x000000061f000000| Complete |  0
| 120|0x000000061f400000, 0x000000061f800000, 0x000000061f800000|100%| E|CS|TAMS 0x000000061f400000| PB 0x000000061f400000| Complete |  0
| 121|0x000000061f800000, 0x000000061fc00000, 0x000000061fc00000|100%| E|CS|TAMS 0x000000061f800000| PB 0x000000061f800000| Complete |  0
| 122|0x000000061fc00000, 0x0000000620000000, 0x0000000620000000|100%| E|CS|TAMS 0x000000061fc00000| PB 0x000000061fc00000| Complete |  0
| 123|0x0000000620000000, 0x0000000620400000, 0x0000000620400000|100%| E|CS|TAMS 0x0000000620000000| PB 0x0000000620000000| Complete |  0
| 124|0x0000000620400000, 0x0000000620800000, 0x0000000620800000|100%| E|CS|TAMS 0x0000000620400000| PB 0x0000000620400000| Complete |  0
| 125|0x0000000620800000, 0x0000000620c00000, 0x0000000620c00000|100%| E|CS|TAMS 0x0000000620800000| PB 0x0000000620800000| Complete |  0
| 126|0x0000000620c00000, 0x0000000621000000, 0x0000000621000000|100%| E|CS|TAMS 0x0000000620c00000| PB 0x0000000620c00000| Complete |  0
| 127|0x0000000621000000, 0x0000000621400000, 0x0000000621400000|100%| E|CS|TAMS 0x0000000621000000| PB 0x0000000621000000| Complete |  0

Card table byte_map: [0x0000023eb5500000,0x0000023eb6500000] _byte_map_base: 0x0000023eb24f6000

Marking Bits: (CMBitMap*) 0x0000023e9cb477d0
 Bits: [0x0000023eb6500000, 0x0000023ebe4b0000)

Polling page: 0x0000023e9a970000

Metaspace:

Usage:
  Non-class:      5.66 MB used.
      Class:    307.98 KB used.
       Both:      5.96 MB used.

Virtual space:
  Non-class space:       64.00 MB reserved,       5.75 MB (  9%) committed,  1 nodes.
      Class space:        1.00 GB reserved,     448.00 KB ( <1%) committed,  1 nodes.
             Both:        1.06 GB reserved,       6.19 MB ( <1%) committed. 

Chunk freelists:
   Non-Class:  7.89 MB
       Class:  15.55 MB
        Both:  23.44 MB

MaxMetaspaceSize: unlimited
CompressedClassSpaceSize: 1.00 GB
Initial GC threshold: 21.00 MB
Current GC threshold: 21.00 MB
CDS: on
 - commit_granule_bytes: 65536.
 - commit_granule_words: 8192.
 - virtual_space_node_default_size: 8388608.
 - enlarge_chunks_in_place: 1.
 - use_allocation_guard: 0.


Internal statistics:

num_allocs_failed_limit: 0.
num_arena_births: 78.
num_arena_deaths: 0.
num_vsnodes_births: 2.
num_vsnodes_deaths: 0.
num_space_committed: 98.
num_space_uncommitted: 0.
num_chunks_returned_to_freelist: 0.
num_chunks_taken_from_freelist: 257.
num_chunk_merges: 0.
num_chunk_splits: 182.
num_chunks_enlarged: 142.
num_inconsistent_stats: 0.

CodeHeap 'non-profiled nmethods': size=120064Kb used=383Kb max_used=383Kb free=119680Kb
 bounds [0x0000023eacc90000, 0x0000023eacf00000, 0x0000023eb41d0000]
CodeHeap 'profiled nmethods': size=120000Kb used=1110Kb max_used=1110Kb free=118889Kb
 bounds [0x0000023ea51d0000, 0x0000023ea5440000, 0x0000023eac700000]
CodeHeap 'non-nmethods': size=5696Kb used=2165Kb max_used=2199Kb free=3530Kb
 bounds [0x0000023eac700000, 0x0000023eac970000, 0x0000023eacc90000]
CodeCache: size=245760Kb, used=3658Kb, max_used=3692Kb, free=242099Kb
 total_blobs=2228, nmethods=1068, adapters=1066, full_count=0
Compilation: enabled, stopped_count=0, restarted_count=0

Compilation events (20 events):
Event: 1.403 Thread 0x0000023f06024070 1059 %     4       pkgRenderer.MSTileRenderer::renderTiles @ 100 (246 bytes)
Event: 1.482 Thread 0x0000023f060276a0 1060 % !   3       java.lang.ref.Reference::processPendingReferences @ 27 (118 bytes)
Event: 1.483 Thread 0x0000023f060276a0 nmethod 1060% 0x0000023ea52e1908 code [0x0000023ea52e1ae0, 0x0000023ea52e2688]
Event: 1.483 Thread 0x0000023f060276a0 1061   !   3       java.lang.ref.Reference::processPendingReferences (118 bytes)
Event: 1.483 Thread 0x0000023f060276a0 nmethod 1061 0x0000023ea52e2708 code [0x0000023ea52e28e0, 0x0000023ea52e3428]
Event: 1.535 Thread 0x0000023f06024070 nmethod 1059% 0x0000023eacce9d08 code [0x0000023eaccea1a0, 0x0000023eacced008]
Event: 2.163 Thread 0x0000023f06024070 1062 % !   4       java.lang.ref.Reference::processPendingReferences @ 27 (118 bytes)
Event: 2.168 Thread 0x0000023f06024070 nmethod 1062% 0x0000023eacced708 code [0x0000023eacced8a0, 0x0000023eaccee500]
Event: 2.168 Thread 0x0000023f06024070 1063   !   4       java.lang.ref.Reference::processPendingReferences (118 bytes)
Event: 2.173 Thread 0x0000023f06024070 nmethod 1063 0x0000023eaccee588 code [0x0000023eaccee760, 0x0000023eaccef548]
Event: 3.476 Thread 0x0000023f06024070 1064       4       org.lwjgl.opengl.GL30::glBindVertexArray (5 bytes)
Event: 3.476 Thread 0x0000023f06024070 nmethod 1064 0x0000023eaccef608 code [0x0000023eaccef700, 0x0000023eaccef790]
Event: 4.070 Thread 0x0000023f06024070 1065       4       org.lwjgl.opengl.GL20::glUseProgram (5 bytes)
Event: 4.070 Thread 0x0000023f06024070 nmethod 1065 0x0000023eaccef908 code [0x0000023eaccefa00, 0x0000023eaccefa90]
Event: 4.311 Thread 0x0000023f060276a0 1066       3       pkgRenderer.MSTileRenderer::tileIsClicked (120 bytes)
Event: 4.312 Thread 0x0000023f060276a0 nmethod 1066 0x0000023ea52e3488 code [0x0000023ea52e3660, 0x0000023ea52e4210]
Event: 4.320 Thread 0x0000023f060276a0 1067 %     3       pkgRenderer.MSTileRenderer::renderTiles @ 100 (246 bytes)
Event: 4.321 Thread 0x0000023f060276a0 nmethod 1067% 0x0000023ea52e4288 code [0x0000023ea52e45a0, 0x0000023ea52e5808]
Event: 4.366 Thread 0x0000023f06024070 1068       4       pkgRenderer.MSTileRenderer::tileIsClicked (120 bytes)
Event: 4.367 Thread 0x0000023f06024070 nmethod 1068 0x0000023eaccefc08 code [0x0000023eaccefd20, 0x0000023eacceff10]

GC Heap History (9 events):
Event: 1.021 GC heap before
{Heap before GC invocations=0 (full 0):
 garbage-first heap   total reserved 8368128K, committed 524288K, used 24576K [0x0000000601400000, 0x0000000800000000)
  region size 4096K, 6 young (24576K), 0 survivors (0K)
 Metaspace       used 6096K, committed 6336K, reserved 1114112K
  class space    used 307K, committed 448K, reserved 1048576K
}
Event: 1.033 GC heap after
{Heap after GC invocations=1 (full 0):
 garbage-first heap   total reserved 8368128K, committed 524288K, used 8896K [0x0000000601400000, 0x0000000800000000)
  region size 4096K, 1 young (4096K), 1 survivors (4096K)
 Metaspace       used 6096K, committed 6336K, reserved 1114112K
  class space    used 307K, committed 448K, reserved 1048576K
}
Event: 1.449 GC heap before
{Heap before GC invocations=1 (full 0):
 garbage-first heap   total reserved 8368128K, committed 524288K, used 29376K [0x0000000601400000, 0x0000000800000000)
  region size 4096K, 6 young (24576K), 1 survivors (4096K)
 Metaspace       used 6104K, committed 6336K, reserved 1114112K
  class space    used 307K, committed 448K, reserved 1048576K
}
Event: 1.476 GC heap after
{Heap after GC invocations=2 (full 0):
 garbage-first heap   total reserved 8368128K, committed 524288K, used 21820K [0x0000000601400000, 0x0000000800000000)
  region size 4096K, 1 young (4096K), 1 survivors (4096K)
 Metaspace       used 6104K, committed 6336K, reserved 1114112K
  class space    used 307K, committed 448K, reserved 1048576K
}
Event: 2.123 GC heap before
{Heap before GC invocations=2 (full 0):
 garbage-first heap   total reserved 8368128K, committed 524288K, used 50492K [0x0000000601400000, 0x0000000800000000)
  region size 4096K, 8 young (32768K), 1 survivors (4096K)
 Metaspace       used 6106K, committed 6336K, reserved 1114112K
  class space    used 307K, committed 448K, reserved 1048576K
}
Event: 2.161 GC heap after
{Heap after GC invocations=3 (full 0):
 garbage-first heap   total reserved 8368128K, committed 524288K, used 40960K [0x0000000601400000, 0x0000000800000000)
  region size 4096K, 1 young (4096K), 1 survivors (4096K)
 Metaspace       used 6106K, committed 6336K, reserved 1114112K
  class space    used 307K, committed 448K, reserved 1048576K
}
Event: 3.173 GC heap before
{Heap before GC invocations=3 (full 0):
 garbage-first heap   total reserved 8368128K, committed 524288K, used 81920K [0x0000000601400000, 0x0000000800000000)
  region size 4096K, 11 young (45056K), 1 survivors (4096K)
 Metaspace       used 6106K, committed 6336K, reserved 1114112K
  class space    used 307K, committed 448K, reserved 1048576K
}
Event: 3.225 GC heap after
{Heap after GC invocations=4 (full 0):
 garbage-first heap   total reserved 8368128K, committed 524288K, used 66307K [0x0000000601400000, 0x0000000800000000)
  region size 4096K, 2 young (8192K), 2 survivors (8192K)
 Metaspace       used 6106K, committed 6336K, reserved 1114112K
  class space    used 307K, committed 448K, reserved 1048576K
}
Event: 4.451 GC heap before
{Heap before GC invocations=4 (full 0):
 garbage-first heap   total reserved 8368128K, committed 524288K, used 107267K [0x0000000601400000, 0x0000000800000000)
  region size 4096K, 12 young (49152K), 2 survivors (8192K)
 Metaspace       used 6106K, committed 6336K, reserved 1114112K
  class space    used 307K, committed 448K, reserved 1048576K
}

Dll operation events (10 events):
Event: 0.005 Loaded shared library C:\Users\maxsh\.jdks\openjdk-23.0.2\bin\java.dll
Event: 0.027 Loaded shared library C:\Users\maxsh\.jdks\openjdk-23.0.2\bin\jsvml.dll
Event: 0.055 Loaded shared library C:\Users\maxsh\.jdks\openjdk-23.0.2\bin\net.dll
Event: 0.056 Loaded shared library C:\Users\maxsh\.jdks\openjdk-23.0.2\bin\nio.dll
Event: 0.059 Loaded shared library C:\Users\maxsh\.jdks\openjdk-23.0.2\bin\zip.dll
Event: 0.100 Loaded shared library C:\Users\maxsh\.jdks\openjdk-23.0.2\bin\jimage.dll
Event: 0.115 Loaded shared library C:\Users\maxsh\AppData\Local\Temp\lwjgl_maxsh\3.3.3+5\x64\lwjgl.dll
Event: 0.359 Loaded shared library C:\Users\maxsh\AppData\Local\Temp\lwjgl_maxsh\3.3.3+5\x64\lwjgl_stb.dll
Event: 0.376 Loaded shared library C:\Users\maxsh\AppData\Local\Temp\lwjgl_maxsh\3.3.3+5\x64\lwjgl_opengl.dll
Event: 0.639 Loaded shared library C:\Users\maxsh\.jdks\openjdk-23.0.2\bin\verify.dll

Deoptimization events (20 events):
Event: 1.035 Thread 0x0000023e9a6f1240 DEOPT PACKING pc=0x0000023eaccd91a8 sp=0x00000095930ff470
Event: 1.035 Thread 0x0000023e9a6f1240 DEOPT UNPACKING pc=0x0000023eac754402 sp=0x00000095930ff358 mode 2
Event: 1.035 Thread 0x0000023e9a6f1240 Uncommon trap: trap_request=0xffffff45 fr.pc=0x0000023eaccd58cc relative=0x00000000000000cc
Event: 1.035 Thread 0x0000023e9a6f1240 Uncommon trap: reason=unstable_if action=reinterpret pc=0x0000023eaccd58cc method=java.nio.Bits.tryReserveMemory(JJ)Z @ 30 c2
Event: 1.035 Thread 0x0000023e9a6f1240 DEOPT PACKING pc=0x0000023eaccd58cc sp=0x00000095930ff3b0
Event: 1.035 Thread 0x0000023e9a6f1240 DEOPT UNPACKING pc=0x0000023eac754402 sp=0x00000095930ff340 mode 2
Event: 1.571 Thread 0x0000023e9a6f1240 DEOPT PACKING pc=0x0000023ea52e014a sp=0x00000095930ff560
Event: 1.571 Thread 0x0000023e9a6f1240 DEOPT UNPACKING pc=0x0000023eac754b22 sp=0x00000095930feab8 mode 0
Event: 2.168 Thread 0x0000023f0600d8d0 DEOPT PACKING pc=0x0000023ea52e32fc sp=0x00000095938ff440
Event: 2.168 Thread 0x0000023f0600d8d0 DEOPT UNPACKING pc=0x0000023eac754b22 sp=0x00000095938fe8e0 mode 0
Event: 3.226 Thread 0x0000023f0600d8d0 DEOPT PACKING pc=0x0000023ea52e32fc sp=0x00000095938ff440
Event: 3.226 Thread 0x0000023f0600d8d0 DEOPT UNPACKING pc=0x0000023eac754b22 sp=0x00000095938fe8e0 mode 0
Event: 4.309 Thread 0x0000023e9a6f1240 Uncommon trap: trap_request=0xffffff45 fr.pc=0x0000023eacceb9a8 relative=0x0000000000001808
Event: 4.309 Thread 0x0000023e9a6f1240 Uncommon trap: reason=unstable_if action=reinterpret pc=0x0000023eacceb9a8 method=pkgRenderer.MSTileRenderer.tileIsClicked(II)Z @ 81 c2
Event: 4.309 Thread 0x0000023e9a6f1240 DEOPT PACKING pc=0x0000023eacceb9a8 sp=0x00000095930ff5b0
Event: 4.309 Thread 0x0000023e9a6f1240 DEOPT UNPACKING pc=0x0000023eac754402 sp=0x00000095930ff520 mode 2
Event: 4.309 Thread 0x0000023e9a6f1240 Uncommon trap: trap_request=0xffffff45 fr.pc=0x0000023eaccde7e8 relative=0x0000000000000148
Event: 4.309 Thread 0x0000023e9a6f1240 Uncommon trap: reason=unstable_if action=reinterpret pc=0x0000023eaccde7e8 method=pkgRenderer.MSTileRenderer.tileIsClicked(II)Z @ 81 c2
Event: 4.309 Thread 0x0000023e9a6f1240 DEOPT PACKING pc=0x0000023eaccde7e8 sp=0x00000095930ff5a0
Event: 4.309 Thread 0x0000023e9a6f1240 DEOPT UNPACKING pc=0x0000023eac754402 sp=0x00000095930ff520 mode 2

Classes loaded (20 events):
Event: 0.379 Loading class jdk/internal/foreign/MemorySessionImpl
Event: 0.379 Loading class java/lang/foreign/MemorySegment$Scope
Event: 0.379 Loading class java/lang/foreign/MemorySegment$Scope done
Event: 0.379 Loading class jdk/internal/foreign/MemorySessionImpl done
Event: 0.588 Loading class java/lang/AssertionError
Event: 0.588 Loading class java/lang/AssertionError done
Event: 0.629 Loading class java/util/Formatter$FormatSpecifierParser
Event: 0.629 Loading class java/util/Formatter$FormatSpecifierParser done
Event: 0.630 Loading class jdk/internal/module/ModulePatcher$PatchedModuleReader
Event: 0.630 Loading class jdk/internal/module/ModulePatcher$PatchedModuleReader done
Event: 0.630 Loading class sun/net/www/protocol/jrt/Handler
Event: 0.630 Loading class sun/net/www/protocol/jrt/Handler done
Event: 0.633 Loading class sun/text/resources/cldr/FormatData_en
Event: 0.633 Loading class sun/text/resources/cldr/FormatData_en done
Event: 0.633 Loading class sun/text/resources/cldr/FormatData_en_US
Event: 0.633 Loading class sun/text/resources/cldr/FormatData_en_US done
Event: 0.638 Loading class java/io/Externalizable
Event: 0.638 Loading class java/io/Externalizable done
Event: 0.665 Loading class java/lang/SecurityException
Event: 0.665 Loading class java/lang/SecurityException done

Classes unloaded (0 events):
No events

Classes redefined (0 events):
No events

Internal exceptions (20 events):
Event: 0.156 Thread 0x0000023e9a6f1240 Exception <a 'java/lang/NoSuchMethodError'{0x0000000620d2c0a0}: 'int java.lang.invoke.DirectMethodHandle$Holder.invokeStaticInit(java.lang.Object, java.lang.Object, long, long)'> (0x0000000620d2c0a0) 
thrown [s\open\src\hotspot\share\interpreter\linkResolver.cpp, line 796]
Event: 0.157 Thread 0x0000023e9a6f1240 Exception <a 'java/lang/NoSuchMethodError'{0x0000000620d31b70}: 'java.lang.Object java.lang.invoke.DirectMethodHandle$Holder.newInvokeSpecial(java.lang.Object, java.lang.Object, long)'> (0x0000000620d31b70) 
thrown [s\open\src\hotspot\share\interpreter\linkResolver.cpp, line 796]
Event: 0.157 Thread 0x0000023e9a6f1240 Exception <a 'java/lang/NoSuchMethodError'{0x0000000620d35a30}: 'java.lang.Object java.lang.invoke.Invokers$Holder.linkToTargetMethod(java.lang.Object, long, java.lang.Object)'> (0x0000000620d35a30) 
thrown [s\open\src\hotspot\share\interpreter\linkResolver.cpp, line 796]
Event: 0.157 Thread 0x0000023e9a6f1240 Exception <a 'java/lang/NoSuchMethodError'{0x0000000620d3ccc0}: 'int java.lang.invoke.DirectMethodHandle$Holder.invokeStaticInit(java.lang.Object, java.lang.Object, java.lang.Object, long)'> (0x0000000620d3ccc0) 
thrown [s\open\src\hotspot\share\interpreter\linkResolver.cpp, line 796]
Event: 0.172 Thread 0x0000023e9a6f1240 Exception <a 'sun/nio/fs/WindowsException'{0x0000000620dfb038}> (0x0000000620dfb038) 
thrown [s\open\src\hotspot\share\prims\jni.cpp, line 520]
Event: 0.172 Thread 0x0000023e9a6f1240 Exception <a 'sun/nio/fs/WindowsException'{0x0000000620dfb398}> (0x0000000620dfb398) 
thrown [s\open\src\hotspot\share\prims\jni.cpp, line 520]
Event: 0.182 Thread 0x0000023e9a6f1240 Exception <a 'java/lang/NoSuchMethodError'{0x0000000620e1be58}: 'int java.lang.invoke.Invokers$Holder.invokeExact_MT(java.lang.Object, java.lang.Object)'> (0x0000000620e1be58) 
thrown [s\open\src\hotspot\share\interpreter\linkResolver.cpp, line 796]
Event: 0.353 Thread 0x0000023e9a6f1240 Exception <a 'java/lang/NoSuchMethodError'{0x0000000620e921c0}: 'void java.lang.System.load(java.lang.String, java.lang.Class)'> (0x0000000620e921c0) 
thrown [s\open\src\hotspot\share\interpreter\linkResolver.cpp, line 796]
Event: 0.353 Thread 0x0000023e9a6f1240 Exception <a 'java/lang/NoSuchMethodError'{0x0000000620e94c50}: 'void java.lang.System.loadLibrary(java.lang.String, java.lang.Class)'> (0x0000000620e94c50) 
thrown [s\open\src\hotspot\share\interpreter\linkResolver.cpp, line 796]
Event: 0.358 Thread 0x0000023e9a6f1240 Exception <a 'sun/nio/fs/WindowsException'{0x0000000620ea5178}> (0x0000000620ea5178) 
thrown [s\open\src\hotspot\share\prims\jni.cpp, line 520]
Event: 0.358 Thread 0x0000023e9a6f1240 Exception <a 'sun/nio/fs/WindowsException'{0x0000000620ea54f8}> (0x0000000620ea54f8) 
thrown [s\open\src\hotspot\share\prims\jni.cpp, line 520]
Event: 0.363 Thread 0x0000023e9a6f1240 Exception <a 'java/lang/NoSuchMethodError'{0x0000000620eb31d8}: 'void java.lang.invoke.DirectMethodHandle$Holder.invokeStatic(java.lang.Object, long)'> (0x0000000620eb31d8) 
thrown [s\open\src\hotspot\share\interpreter\linkResolver.cpp, line 796]
Event: 0.368 Thread 0x0000023e9a6f1240 Exception <a 'java/lang/NoSuchMethodError'{0x0000000620ebf820}: 'void java.lang.invoke.DirectMethodHandle$Holder.invokeStaticInit(java.lang.Object, long, int, int, int)'> (0x0000000620ebf820) 
thrown [s\open\src\hotspot\share\interpreter\linkResolver.cpp, line 796]
Event: 0.370 Thread 0x0000023e9a6f1240 Exception <a 'java/lang/NoSuchMethodError'{0x0000000620ece7a0}: 'void java.lang.invoke.DirectMethodHandle$Holder.invokeStaticInit(java.lang.Object, long, double, double)'> (0x0000000620ece7a0) 
thrown [s\open\src\hotspot\share\interpreter\linkResolver.cpp, line 796]
Event: 0.372 Thread 0x0000023e9a6f1240 Exception <a 'java/lang/NoSuchMethodError'{0x0000000620ef4ef0}: 'void java.lang.System.load(java.lang.String, java.lang.Class)'> (0x0000000620ef4ef0) 
thrown [s\open\src\hotspot\share\interpreter\linkResolver.cpp, line 796]
Event: 0.373 Thread 0x0000023e9a6f1240 Exception <a 'java/lang/NoSuchMethodError'{0x0000000620ef7980}: 'void java.lang.System.loadLibrary(java.lang.String, java.lang.Class)'> (0x0000000620ef7980) 
thrown [s\open\src\hotspot\share\interpreter\linkResolver.cpp, line 796]
Event: 0.376 Thread 0x0000023e9a6f1240 Exception <a 'sun/nio/fs/WindowsException'{0x0000000620f07e30}> (0x0000000620f07e30) 
thrown [s\open\src\hotspot\share\prims\jni.cpp, line 520]
Event: 0.376 Thread 0x0000023e9a6f1240 Exception <a 'sun/nio/fs/WindowsException'{0x0000000620f081d0}> (0x0000000620f081d0) 
thrown [s\open\src\hotspot\share\prims\jni.cpp, line 520]
Event: 0.379 Thread 0x0000023e9a6f1240 Exception <a 'sun/nio/fs/WindowsException'{0x0000000620f12da8}> (0x0000000620f12da8) 
thrown [s\open\src\hotspot\share\prims\jni.cpp, line 520]
Event: 0.380 Thread 0x0000023e9a6f1240 Exception <a 'sun/nio/fs/WindowsException'{0x0000000620f13078}> (0x0000000620f13078) 
thrown [s\open\src\hotspot\share\prims\jni.cpp, line 520]

VM Operations (15 events):
Event: 0.059 Executing VM operation: HandshakeAllThreads (Deoptimize)
Event: 0.059 Executing VM operation: HandshakeAllThreads (Deoptimize) done
Event: 0.109 Executing VM operation: HandshakeAllThreads (Deoptimize)
Event: 0.109 Executing VM operation: HandshakeAllThreads (Deoptimize) done
Event: 0.660 Executing VM operation: HandshakeAllThreads (Deoptimize)
Event: 0.660 Executing VM operation: HandshakeAllThreads (Deoptimize) done
Event: 1.021 Executing VM operation: G1CollectForAllocation (G1 Evacuation Pause)
Event: 1.033 Executing VM operation: G1CollectForAllocation (G1 Evacuation Pause) done
Event: 1.449 Executing VM operation: G1CollectForAllocation (G1 Evacuation Pause)
Event: 1.476 Executing VM operation: G1CollectForAllocation (G1 Evacuation Pause) done
Event: 2.123 Executing VM operation: G1CollectForAllocation (G1 Evacuation Pause)
Event: 2.161 Executing VM operation: G1CollectForAllocation (G1 Evacuation Pause) done
Event: 3.173 Executing VM operation: G1CollectForAllocation (G1 Evacuation Pause)
Event: 3.225 Executing VM operation: G1CollectForAllocation (G1 Evacuation Pause) done
Event: 4.451 Executing VM operation: G1CollectForAllocation (G1 Evacuation Pause)

Memory protections (0 events):
No events

Nmethod flushes (0 events):
No events

Events (19 events):
Event: 0.018 Thread 0x0000023e9a6f1240 Thread added: 0x0000023e9a6f1240
Event: 0.025 Thread 0x0000023e9a6f1240 Thread added: 0x0000023f0600d8d0
Event: 0.026 Thread 0x0000023e9a6f1240 Thread added: 0x0000023f06010540
Event: 0.026 Thread 0x0000023e9a6f1240 Thread added: 0x0000023f060148c0
Event: 0.026 Thread 0x0000023e9a6f1240 Thread added: 0x0000023f06017830
Event: 0.026 Thread 0x0000023e9a6f1240 Thread added: 0x0000023f06015840
Event: 0.026 Thread 0x0000023e9a6f1240 Thread added: 0x0000023f06016e10
Event: 0.026 Thread 0x0000023e9a6f1240 Thread added: 0x0000023f06024070
Event: 0.026 Thread 0x0000023e9a6f1240 Thread added: 0x0000023f060276a0
Event: 0.049 Thread 0x0000023e9a6f1240 Thread added: 0x0000023f06178180
Event: 0.050 Thread 0x0000023e9a6f1240 Thread added: 0x0000023f0617c020
Event: 0.189 Thread 0x0000023f060276a0 Thread added: 0x0000023f06745f70
Event: 0.351 Thread 0x0000023f06745f70 Thread exited: 0x0000023f06745f70
Event: 0.800 Thread 0x0000023f06024070 Thread added: 0x0000023f0d3b5470
Event: 0.897 Thread 0x0000023f0d3b5470 Thread added: 0x0000023f0daa5050
Event: 1.034 Thread 0x0000023f0daa5050 Thread exited: 0x0000023f0daa5050
Event: 1.036 Thread 0x0000023f060276a0 Thread added: 0x0000023f0d948140
Event: 1.169 Thread 0x0000023f0d948140 Thread exited: 0x0000023f0d948140
Event: 1.175 Thread 0x0000023f0d3b5470 Thread exited: 0x0000023f0d3b5470


Dynamic libraries:
0x00007ff717370000 - 0x00007ff71737e000 	C:\Users\maxsh\.jdks\openjdk-23.0.2\bin\java.exe
0x00007ffea2f20000 - 0x00007ffea3183000 	C:\WINDOWS\SYSTEM32\ntdll.dll
0x00007ffea2ba0000 - 0x00007ffea2c67000 	C:\WINDOWS\System32\KERNEL32.DLL
0x00007ffea04b0000 - 0x00007ffea0877000 	C:\WINDOWS\System32\KERNELBASE.dll
0x00007ffea0ab0000 - 0x00007ffea0bfc000 	C:\WINDOWS\System32\ucrtbase.dll
0x00007ffe80010000 - 0x00007ffe80027000 	C:\Users\maxsh\.jdks\openjdk-23.0.2\bin\jli.dll
0x00007ffe7f9e0000 - 0x00007ffe7f9fb000 	C:\Users\maxsh\.jdks\openjdk-23.0.2\bin\VCRUNTIME140.dll
0x00007ffea29d0000 - 0x00007ffea2b99000 	C:\WINDOWS\System32\USER32.dll
0x00007ffea0ca0000 - 0x00007ffea0cc7000 	C:\WINDOWS\System32\win32u.dll
0x00007ffe88170000 - 0x00007ffe88400000 	C:\WINDOWS\WinSxS\amd64_microsoft.windows.common-controls_6595b64144ccf1df_6.0.26100.3037_none_3e09262ce333c378\COMCTL32.dll
0x00007ffea1ec0000 - 0x00007ffea1eea000 	C:\WINDOWS\System32\GDI32.dll
0x00007ffea1370000 - 0x00007ffea1419000 	C:\WINDOWS\System32\msvcrt.dll
0x00007ffea0380000 - 0x00007ffea04ab000 	C:\WINDOWS\System32\gdi32full.dll
0x00007ffea0a00000 - 0x00007ffea0aa3000 	C:\WINDOWS\System32\msvcp_win.dll
0x00007ffea1ef0000 - 0x00007ffea1f1f000 	C:\WINDOWS\System32\IMM32.DLL
0x00007ffe8a300000 - 0x00007ffe8a30c000 	C:\Users\maxsh\.jdks\openjdk-23.0.2\bin\vcruntime140_1.dll
0x00007ffe782a0000 - 0x00007ffe7832e000 	C:\Users\maxsh\.jdks\openjdk-23.0.2\bin\msvcp140.dll
0x00007ffde1f70000 - 0x00007ffde2cc0000 	C:\Users\maxsh\.jdks\openjdk-23.0.2\bin\server\jvm.dll
0x00007ffea18c0000 - 0x00007ffea1974000 	C:\WINDOWS\System32\ADVAPI32.dll
0x00007ffea1bd0000 - 0x00007ffea1c76000 	C:\WINDOWS\System32\sechost.dll
0x00007ffea0e40000 - 0x00007ffea0f56000 	C:\WINDOWS\System32\RPCRT4.dll
0x00007ffea2c70000 - 0x00007ffea2ce4000 	C:\WINDOWS\System32\WS2_32.dll
0x00007ffe9ef80000 - 0x00007ffe9efce000 	C:\WINDOWS\SYSTEM32\POWRPROF.dll
0x00007ffe92f10000 - 0x00007ffe92f46000 	C:\WINDOWS\SYSTEM32\WINMM.dll
0x00007ffe9a600000 - 0x00007ffe9a60b000 	C:\WINDOWS\SYSTEM32\VERSION.dll
0x00007ffe9ef60000 - 0x00007ffe9ef74000 	C:\WINDOWS\SYSTEM32\UMPDC.dll
0x00007ffe9f200000 - 0x00007ffe9f21a000 	C:\WINDOWS\SYSTEM32\kernel.appcore.dll
0x00007ffe84c90000 - 0x00007ffe84c9a000 	C:\Users\maxsh\.jdks\openjdk-23.0.2\bin\jimage.dll
0x00007ffe9da70000 - 0x00007ffe9dcb1000 	C:\WINDOWS\SYSTEM32\DBGHELP.DLL
0x00007ffea0f60000 - 0x00007ffea12de000 	C:\WINDOWS\System32\combase.dll
0x00007ffea2080000 - 0x00007ffea2156000 	C:\WINDOWS\System32\OLEAUT32.dll
0x00007ffe38940000 - 0x00007ffe38979000 	C:\WINDOWS\SYSTEM32\dbgcore.DLL
0x00007ffea0c00000 - 0x00007ffea0c99000 	C:\WINDOWS\System32\bcryptPrimitives.dll
0x00007ffe7e980000 - 0x00007ffe7e99e000 	C:\Users\maxsh\.jdks\openjdk-23.0.2\bin\java.dll
0x00007ffea1980000 - 0x00007ffea1b15000 	C:\WINDOWS\System32\ole32.dll
0x00007ffea22b0000 - 0x00007ffea29b4000 	C:\WINDOWS\System32\SHELL32.dll
0x00007ffe9e000000 - 0x00007ffe9e837000 	C:\WINDOWS\SYSTEM32\windows.storage.dll
0x00007ffea1f30000 - 0x00007ffea2019000 	C:\WINDOWS\System32\SHCORE.dll
0x00007ffea1c80000 - 0x00007ffea1cdd000 	C:\WINDOWS\System32\shlwapi.dll
0x00007ffea01d0000 - 0x00007ffea01fe000 	C:\WINDOWS\SYSTEM32\profapi.dll
0x00007ffde6ea0000 - 0x00007ffde6f77000 	C:\Users\maxsh\.jdks\openjdk-23.0.2\bin\jsvml.dll
0x00007ffe80000000 - 0x00007ffe80010000 	C:\Users\maxsh\.jdks\openjdk-23.0.2\bin\net.dll
0x00007ffe9f710000 - 0x00007ffe9f77a000 	C:\WINDOWS\system32\mswsock.dll
0x00007ffe7c640000 - 0x00007ffe7c656000 	C:\Users\maxsh\.jdks\openjdk-23.0.2\bin\nio.dll
0x00007ffe7d0f0000 - 0x00007ffe7d107000 	C:\Users\maxsh\.jdks\openjdk-23.0.2\bin\zip.dll
0x00007ffde6cf0000 - 0x00007ffde6d6b000 	C:\Users\maxsh\AppData\Local\Temp\lwjgl_maxsh\3.3.3+5\x64\lwjgl.dll
0x00007ffde6c60000 - 0x00007ffde6ce2000 	C:\Users\maxsh\AppData\Local\Temp\lwjgl_maxsh\3.3.3+5\x64\glfw.dll
0x00007ffe4d6d0000 - 0x00007ffe4d71b000 	C:\WINDOWS\SYSTEM32\dinput8.dll
0x00007ffe7e9b0000 - 0x00007ffe7e9c2000 	C:\WINDOWS\SYSTEM32\xinput1_4.dll
0x00007ffe9ff20000 - 0x00007ffe9ff7f000 	C:\WINDOWS\SYSTEM32\cfgmgr32.dll
0x00007ffe9ff90000 - 0x00007ffe9ffbd000 	C:\WINDOWS\SYSTEM32\DEVOBJ.dll
0x00007ffe9d480000 - 0x00007ffe9d4ae000 	C:\WINDOWS\SYSTEM32\dwmapi.dll
0x00007ffe97cf0000 - 0x00007ffe97ece000 	C:\WINDOWS\SYSTEM32\inputhost.dll
0x00007ffe9c060000 - 0x00007ffe9c186000 	C:\WINDOWS\SYSTEM32\CoreMessaging.dll
0x00007ffe9d070000 - 0x00007ffe9d11d000 	C:\WINDOWS\system32\uxtheme.dll
0x00007ffea2d80000 - 0x00007ffea2edc000 	C:\WINDOWS\System32\MSCTF.dll
0x00007ffe9f9d0000 - 0x00007ffe9f9dc000 	C:\WINDOWS\SYSTEM32\CRYPTBASE.DLL
0x00007ffe05e30000 - 0x00007ffe05f3c000 	C:\WINDOWS\SYSTEM32\opengl32.dll
0x00007ffe05e00000 - 0x00007ffe05e2d000 	C:\WINDOWS\SYSTEM32\GLU32.dll
0x00007ffe9d240000 - 0x00007ffe9d287000 	C:\WINDOWS\SYSTEM32\dxcore.dll
0x00007ffe94190000 - 0x00007ffe941aa000 	C:\WINDOWS\SYSTEM32\windows.staterepositorycore.dll
0x00007ffe191c0000 - 0x00007ffe1b7f8000 	C:\WINDOWS\System32\DriverStore\FileRepository\nv_dispi.inf_amd64_9425e4c3b1ac1c47\nvoglv64.dll
0x00007ffea1420000 - 0x00007ffea18a6000 	C:\WINDOWS\System32\SETUPAPI.dll
0x00007ffe9cb90000 - 0x00007ffe9cba6000 	C:\WINDOWS\SYSTEM32\WTSAPI32.dll
0x00007ffe9fa20000 - 0x00007ffe9fa33000 	C:\WINDOWS\SYSTEM32\msasn1.dll
0x00007ffe9a5c0000 - 0x00007ffe9a5fb000 	C:\WINDOWS\SYSTEM32\cryptnet.dll
0x00007ffea0880000 - 0x00007ffea09f6000 	C:\WINDOWS\System32\CRYPT32.dll
0x00007ffe9fa90000 - 0x00007ffe9faed000 	C:\WINDOWS\SYSTEM32\wldp.dll
0x00007ffe9a220000 - 0x00007ffe9a399000 	C:\WINDOWS\SYSTEM32\drvstore.dll
0x00007ffea0cd0000 - 0x00007ffea0d4f000 	C:\WINDOWS\System32\WINTRUST.dll
0x00007ffe9f320000 - 0x00007ffe9f355000 	C:\WINDOWS\SYSTEM32\ntmarta.dll
0x00007ffea0d70000 - 0x00007ffea0d90000 	C:\WINDOWS\System32\imagehlp.dll
0x00007ffe9f9b0000 - 0x00007ffe9f9cc000 	C:\WINDOWS\SYSTEM32\CRYPTSP.dll
0x00007ffe9f160000 - 0x00007ffe9f198000 	C:\WINDOWS\system32\rsaenh.dll
0x00007ffe9fbf0000 - 0x00007ffe9fc16000 	C:\WINDOWS\SYSTEM32\bcrypt.dll
0x00007ffe94b60000 - 0x00007ffe97870000 	C:\WINDOWS\System32\DriverStore\FileRepository\nv_dispi.inf_amd64_9425e4c3b1ac1c47\nvgpucomp64.dll
0x00007ffe67070000 - 0x00007ffe6736b000 	C:\WINDOWS\system32\nvspcap64.dll
0x00007ffe9ead0000 - 0x00007ffe9eb30000 	C:\WINDOWS\SYSTEM32\WINSTA.dll
0x00007ffe98150000 - 0x00007ffe98296000 	C:\WINDOWS\SYSTEM32\textinputframework.dll
0x00007ffe998d0000 - 0x00007ffe99bb3000 	C:\WINDOWS\SYSTEM32\CoreUIComponents.dll
0x00007ffe995f0000 - 0x00007ffe99758000 	C:\WINDOWS\SYSTEM32\wintypes.dll
0x00007ffde5d00000 - 0x00007ffde5d82000 	C:\Users\maxsh\AppData\Local\Temp\lwjgl_maxsh\3.3.3+5\x64\lwjgl_stb.dll
0x00007ffe8aad0000 - 0x00007ffe8ab90000 	C:\WINDOWS\SYSTEM32\mscms.dll
0x00007ffdf8b60000 - 0x00007ffdf8ba9000 	C:\WINDOWS\SYSTEM32\icm32.dll
0x00007ffe78240000 - 0x00007ffe7829e000 	C:\Users\maxsh\AppData\Local\Temp\lwjgl_maxsh\3.3.3+5\x64\lwjgl_opengl.dll
0x00007ffe7ff90000 - 0x00007ffe7ffa0000 	C:\Users\maxsh\.jdks\openjdk-23.0.2\bin\verify.dll

dbghelp: loaded successfully - version: 4.0.5 - missing functions: none
symbol engine: initialized successfully - sym options: 0x614 - pdb path: .;C:\Users\maxsh\.jdks\openjdk-23.0.2\bin;C:\WINDOWS\SYSTEM32;C:\WINDOWS\WinSxS\amd64_microsoft.windows.common-controls_6595b64144ccf1df_6.0.26100.3037_none_3e09262ce333c378;C:\Users\maxsh\.jdks\openjdk-23.0.2\bin\server;C:\Users\maxsh\AppData\Local\Temp\lwjgl_maxsh\3.3.3+5\x64;C:\WINDOWS\System32\DriverStore\FileRepository\nv_dispi.inf_amd64_9425e4c3b1ac1c47

VM Arguments:
jvm_args: -Dfile.encoding=UTF-8 -Duser.country=US -Duser.language=en -Duser.variant 
java_command: pkgDriver.Driver
java_class_path (initial): C:\Users\maxsh\IdeaProjects\Minesweeper\build\classes\java\main;C:\Users\maxsh\IdeaProjects\Minesweeper\build\resources\main;C:\Users\maxsh\.gradle\caches\modules-2\files-2.1\org.lwjgl\lwjgl-assimp\3.3.3\c2c34011cbda30ed8cf98bc5cbf97b49afe5279a\lwjgl-assimp-3.3.3.jar;C:\Users\maxsh\.gradle\caches\modules-2\files-2.1\org.lwjgl\lwjgl-assimp\3.3.3\d90ccdade594716062975cffd1431d387f770ac4\lwjgl-assimp-3.3.3-natives-windows.jar;C:\Users\maxsh\.gradle\caches\modules-2\files-2.1\org.lwjgl\lwjgl-cuda\3.3.3\e2de3beeba3e4c826317e31519a40f0585160acf\lwjgl-cuda-3.3.3.jar;C:\Users\maxsh\.gradle\caches\modules-2\files-2.1\org.lwjgl\lwjgl-freetype\3.3.3\a0db6c84a8becc8ca05f9dbfa985edc348a824c7\lwjgl-freetype-3.3.3.jar;C:\Users\maxsh\.gradle\caches\modules-2\files-2.1\org.lwjgl\lwjgl-freetype\3.3.3\81091b006dbb43fab04c8c638e9ac87c51b4096d\lwjgl-freetype-3.3.3-natives-windows.jar;C:\Users\maxsh\.gradle\caches\modules-2\files-2.1\org.lwjgl\lwjgl-glfw\3.3.3\efa1eb78c5ccd840e9f329717109b5e892d72f8e\lwjgl-glfw-3.3.3.jar;C:\Users\maxsh\.gradle\caches\modules-2\files-2.1\org.lwjgl\lwjgl-glfw\3.3.3\e449e28b4891fc423c54c85fbc5bb0b9efece67a\lwjgl-glfw-3.3.3-natives-windows.jar;C:\Users\maxsh\.gradle\caches\modules-2\files-2.1\org.lwjgl\lwjgl-hwloc\3.3.3\68333a022d5842b7bff95c70e4c3e1b2f126e783\lwjgl-hwloc-3.3.3.jar;C:\Users\maxsh\.gradle\caches\modules-2\files-2.1\org.lwjgl\lwjgl-hwloc\3.3.3\ea032ea737568d700f43cc9f052d51384ce20ebe\lwjgl-hwloc-3.3.3-natives-windows.jar;C:\Users\maxsh\.gradle\caches\modules-2\files-2.1\org.lwjgl\lwjgl-jawt\3.3.3\15479071013804d88cc810856fcc2548b457376c\lwjgl-jawt-3.3.3.jar;C:\Users\maxsh\.gradle\caches\modules-2\files-2.1\org.lwjgl\lwjgl-nanovg\3.3.3\37f0b9fc142948c3b2c6cd563db7233b14b9640c\lwjgl-nanovg-3.3.3.jar;C:\Users\maxsh\.gradle\caches\modules-2\files-2.1\org.lwjgl\lwjgl-nanovg\3.3.3\ccfbc346c4ce0737b7fe758d6337a3741af2f256\lwjgl-nanovg-3.3.3-natives-windows.jar;C:\Users\maxsh\.gradle\caches\modules-2\files-2.1\org.lwjgl\lwjgl-nfd\3.3.3\f1b41d3a0a2f5cd2a55a6a59a618c87d0348681c\lwjgl-nfd-3.3.3.jar;C:\Users\maxsh\.gradle\caches\modules-2\files-2.1\org.lwjgl\lwjgl-nfd\3.3.3\3a39132eef695dcb7631adc1d02e493527940d10\lwjgl-nfd-3.3.3-natives-windows.jar;C:\Users\maxsh\.gradle\caches\modules-2\files-2.1\org.lwjgl\lwjgl-nuklear\3.3.3\d120a8ab01987e285f83f43f862bef728011d97d\lwjgl-nuklear-3.3.3.jar;C:\Users\maxsh\.gradle\caches\modules-2\files-2.1\org.lwjgl\lwjgl-nuklear\3.3.3\3132690c8cbbdd7c948eb233610151b6a6c62b9a\lwjgl-nuklear-3.3.3-natives-windows.jar;C:\Users\maxsh\.gradle\caches\modules-2\files-2.1\org.lwjgl\lwjgl-odbc\3.3.3\1719d4813fba2b4272afddcf30db98ec32e8bd37\lwjgl-odbc-3.3.3.jar;C:\Users\maxsh\.gradle\caches\modules-2\files-2.1\org.lwjgl\lwjgl-openal\3.3.3\daada81ceb5fc0c291fbfdd4433cb8d9423577f2\lwjgl-openal-3.3.3.jar;C:\Users\maxsh\.gradle\caches\modules-2\files-2.1\org.lwjgl\lwjgl-openal\3.3.3\cf83862ae95d98496b26915024c7e666d8ab1c8f\lwjgl-openal-3.3.3-natives-windows.jar;C:\Users\maxsh\.gradle\caches\modules-2\files-2.1\org.lwjgl\lwjgl-opencl\3.3.3\fdf4a5cce0b7499914ac96a87d75fa895a4e0699\lwjgl-opencl-3.3.3.jar;C:\Users\maxsh\.gradle\caches\modules-2\files-2.1\org.lwjgl\lwjgl-opengl\3.3.3\2f6b0147078396a58979125a4c947664e98293a\lwjgl-opengl-3.3.3.jar;C:\Users\maxsh\.gradle\caches\modules-2\files-2.1\org.lwjgl\lwjgl-opengl\3.3.3\e6c1eec8be8a71951b830a4d69efc01c6531900c\lwjgl-opengl-3.3.3-natives-windows.jar;C:\Users\maxsh\.gradle\caches\modules-2\files-2.1\org.lwjgl\lwjgl-shaderc\3.3.3\ae740d58fdc809c4350358a872b076bacbec27c1\lwjgl-shaderc-3.3.3.jar;C:\Users\maxsh\.gradle\caches\modules-2\files-2.1\org.lwjgl\lwjgl-shaderc\3.3.3\2bdcb9d4c1a8debf8c82dcb6968c3f23f126af6b\lwjgl-shaderc-3.3.3-natives-windows.jar;C:\Users\maxsh\.gradle\caches\modules-2\files-2.1\org.lwjgl\lwjgl-stb\3.3.3\25dd6161988d7e65f71d5065c99902402ee32746\lwjgl-stb-3.3.3.jar;C:\Users\maxsh\.gradle\caches\modules-2\files-2.1\org.lwjgl\lwjgl-stb\3.3.3\1d9facdf6541de114b0f963be33505b7679c78cb\lwjgl-stb-3.3.3-natives-windows.jar;C:\Users\maxsh\.gradle\caches\modules-2\files-2.1\org.lwjgl\lwjgl-tootle\3.3.3\c6989921add57a1f59936bc4544431df4b837c8b\lwjgl-tootle-3.3.3.jar;C:\Users\maxsh\.gradle\caches\modules-2\files-2.1\org.lwjgl\lwjgl-tootle\3.3.3\6de41fb81ea077cb3829b25c6636987f011997fc\lwjgl-tootle-3.3.3-natives-windows.jar;C:\Users\maxsh\.gradle\caches\modules-2\files-2.1\org.lwjgl\lwjgl\3.3.3\29589b5f87ed335a6c7e7ee6a5775f81f97ecb84\lwjgl-3.3.3.jar;C:\Users\maxsh\.gradle\caches\modules-2\files-2.1\org.lwjgl\lwjgl\3.3.3\a5ed18a2b82fc91b81f40d717cb1f64c9dcb0540\lwjgl-3.3.3-natives-windows.jar;C:\Users\maxsh\.gradle\caches\modules-2\files-2.1\org.joml\joml\1.10.5\22566d58af70ad3d72308bab63b8339906deb649\joml-1.10.5.jar
Launcher Type: SUN_STANDARD

[Global flags]
     intx CICompilerCount                          = 4                                         {product} {ergonomic}
     uint ConcGCThreads                            = 2                                         {product} {ergonomic}
     uint G1ConcRefinementThreads                  = 8                                         {product} {ergonomic}
   size_t G1HeapRegionSize                         = 4194304                                   {product} {ergonomic}
   size_t InitialHeapSize                          = 536870912                                 {product} {ergonomic}
   size_t MarkStackSize                            = 4194304                                   {product} {ergonomic}
   size_t MarkStackSizeMax                         = 536870912                                 {product} {ergonomic}
   size_t MaxHeapSize                              = 8568963072                                {product} {ergonomic}
   size_t MaxNewSize                               = 5138022400                                {product} {ergonomic}
   size_t MinHeapDeltaBytes                        = 4194304                                   {product} {ergonomic}
   size_t MinHeapSize                              = 8388608                                   {product} {ergonomic}
    uintx NonNMethodCodeHeapSize                   = 5832704                                {pd product} {ergonomic}
    uintx NonProfiledCodeHeapSize                  = 122945536                              {pd product} {ergonomic}
    uintx ProfiledCodeHeapSize                     = 122880000                              {pd product} {ergonomic}
    uintx ReservedCodeCacheSize                    = 251658240                              {pd product} {ergonomic}
     bool SegmentedCodeCache                       = true                                      {product} {ergonomic}
   size_t SoftMaxHeapSize                          = 8568963072                             {manageable} {ergonomic}
     bool UseCompressedOops                        = true                           {product lp64_product} {ergonomic}
     bool UseG1GC                                  = true                                      {product} {ergonomic}
     bool UseLargePagesIndividualAllocation        = false                                  {pd product} {ergonomic}

Logging:
Log output configuration:
 #0: stdout all=warning uptime,level,tags foldmultilines=false
 #1: stderr all=off uptime,level,tags foldmultilines=false

Environment Variables:
PATH=C:\Program Files\Common Files\Oracle\Java\javapath;C:\WINDOWS\system32;C:\WINDOWS;C:\WINDOWS\System32\Wbem;C:\WINDOWS\System32\WindowsPowerShell\v1.0\;C:\WINDOWS\System32\OpenSSH\;C:\Program Files\NVIDIA Corporation\NVIDIA app\NvDLISR;C:\Program Files (x86)\NVIDIA Corporation\PhysX\Common;C:\Program Files\Git\cmd;C:\Users\maxsh\AppData\Local\Microsoft\WindowsApps;
USERNAME=maxsh
OS=Windows_NT
PROCESSOR_IDENTIFIER=Intel64 Family 6 Model 158 Stepping 13, GenuineIntel
TMP=C:\Users\maxsh\AppData\Local\Temp
TEMP=C:\Users\maxsh\AppData\Local\Temp




Periodic native trim disabled

---------------  S Y S T E M  ---------------

OS:
 Windows 11 , 64 bit Build 26100 (10.0.26100.3037)
OS uptime: 0 days 6:59 hours

CPU: total 8 (initial active 8) (8 cores per cpu, 1 threads per core) family 6 model 158 stepping 13 microcode 0xde, cx8, cmov, fxsr, mmx, 3dnowpref, sse, sse2, sse3, ssse3, sse4.1, sse4.2, popcnt, lzcnt, tsc, tscinvbit, avx, avx2, aes, erms, clmul, bmi1, bmi2, adx, fma, vzeroupper, clflush, clflushopt, rdtscp, f16c
Processor Information for the first 8 processors :
  Max Mhz: 3600, Current Mhz: 3600, Mhz Limit: 3600

Memory: 4k page, system-wide physical 32681M (17705M free)
TotalPageFile size 40873M (AvailPageFile size 21586M)
current process WorkingSet (physical memory assigned to process): 672M, peak: 672M
current process commit charge ("private bytes"): 1372M, peak: 1372M

vm_info: OpenJDK 64-Bit Server VM (23.0.2+7-58) for windows-amd64 JRE (23.0.2+7-58), built on 2024-11-29T09:34:55Z with MS VC++ 17.6 (VS2022)

END.
